rohitm@dti7de14-010:~/Documents/SystemManagement/BUK/BUK_System_Design_Assignment/build$ ./bukMsgdistrTrainee.out 
static void CdSuTrace::setLevel(unsigned int): Changing Trace level (1 -> 5)!! 
basicinfraAdmin.cpp (174) : Uint32 changeIpAddr(char*)
basicinfraTrainee.cpp (56) : Creating Message Distributor
cdsumd.cpp (57) : CdSuMsgDistributor::CdSuMsgDistributor(const CdSuMdInitParam&)
cdsumd.cpp (179) : bool CdSuMsgDistributor::start()
basicinfraAdmin.cpp (174) : Uint32 changeIpAddr(char*)
cdsumd.cpp (238) : CdSuMsgDistributor::registerMid
basicinfraTrainee.cpp (80) : Admin HwUnit registered successfully.
basicinfraAdmin.cpp (174) : Uint32 changeIpAddr(char*)
cdsumd.cpp (238) : CdSuMsgDistributor::registerMid
basicinfraTrainee.cpp (100) : MyTraineeMenu HwUnit registered successfully.
basicinfraAdmin.cpp (174) : Uint32 changeIpAddr(char*)
cdsumd.cpp (238) : CdSuMsgDistributor::registerMid
basicinfraTrainee.cpp (122) : Mentor HwUnit registered successfully.
 Application Module of trainee has been registered to MsgDistributor Successfully.
 NH UDP has been registered to MsgDistributor Successfully.
bukMsgdistrTrainee.cpp (454) : static void* TraineeMain::applicationStart(void*)
cdsunhudpapi.cpp (52) : CdSuNhUdpApiRetType cdSuNhUdpMiInit(const CdSuNhUdpMiInitParam&, CdSuNhUdpInstId&)
cdsunhudp.cpp (66) : CdSuNhUdp::CdSuNhUdp(CdSuNhUdpDb*)
cdsunhudp.cpp (1449) : bukTrainee.cpp (59) : ~~~~~~~~ Creating Timer thread~~~~~~~~~ 
void CdSuNhUdp::changeState(CdSuNhUdpState)
cdsunhudp.cpp (169) : void CdSuNhUdp::run()
cdsunhudpapi.cpp (213) : CdSuNhUdpApiRetType cdSuNhUdpMiCtrlReq(const CdSuNhUdpMiCtrlReqParam&)
Start NH Req : Successful
cdsunhudpapi.cpp (468) : CdSuNhUdpApiRetType cdSuNhUdpUiAddUdpPortReq(const CdSuNhUdpUiAddUdpPortReqParam&, CdSuNhUdpPortKey&)
cdsunhudpapiparamchk.cpp (198) : CdSuNhUdpApiRetType validateAddUdpPortReqParam(const CdSuNhUdpUiAddUdpPortReqParam&)
cdsunhudp.cpp (191) : static void* CdSuNhUdp::threadEntry(void*)
cdsunhudp.cpp (213) : UDP Nh Started
bukMsgdistrTrainee.cpp (89) : void smMgmtEventHlr(void*) 
Response to System Manager
Init Nh Success
Instance Id=0
cdsunhudp.cpp (552) : void CdSuNhUdp::createdStHlr(CdMessage*)
cdsunhudp.cpp (937) : void CdSuNhUdp::stCreatedCtrlReqMsgHlr(CdMessage*)
cdsunhudp.cpp (1449) : void CdSuNhUdp::changeState(CdSuNhUdpState)
bukMsgdistrTrainee.cpp (89) : void smMgmtEventHlr(void*) 
Response to System Manager
Start UDP NH Success
cdsunhudp.cpp (1120) : void CdSuNhUdp::addUdpPortReqMsgHlr(CdMessage*)
cdsunhudp.cpp (1505) : CdSuNhUdpRspFailCode CdSuNhUdp::addUdpPort(const CdSuNhUdpPortId&, CdSuIpv4UdpPortNo&, const CdSuIpv4Addr&, const CdSuIpv4UdpPortNo&, const CdSuIpv4Addr&, const CdSuActorId&, CdSuNhUdpEventHlr)
cdsunhudp.cpp (1533) : CdSuNhUdp::addUdpPort(): Binding socket 5 to 192.168.16.40:50008
cdsunhudp.cpp (145) : CdSuNhUdp::CdSuNhUdpPortInfo::CdSuNhUdpPortInfo()
cdsunhudp.cpp (1998) : void CdSuNhUdp::updateStatsPkgCounter(CdSuNhUdpOpcode, CdSuIpv4UdpPortNo, CdSuIpv4UdpPortNo, CdSuNhUdpRspFailCode)
bukMsgdistrTrainee.cpp (227) : void applEventHlr(void*) 
Add Udp Port Succes
Udp Port ID = 1
Udp Local Port = 50008
bukMsgdistrTrainee.cpp (511) : 
Message received in MsgDistrTrainee
bukMsgdistrTrainee.cpp (535) : Message Source: MyTraineeMenu
bukMsgdistrTrainee.cpp (1074) : Some Request Msg from MyTraineeMenu processing...
bukMsgdistrTrainee.cpp (1079) : req Id = 12
bukMsgdistrTrainee.cpp (1082) : Response Msg Sending to MyTraineeMenu...
bukMsgdistrTrainee.cpp (1089) : Sent message
^ZKilled

